==== ERROR =======================================
Time         : 2026-04-13T07:53:18.000Z
Message      : MQTT error
Details      : {"error":"read ECONNRESET"}
=================================================

==== ERROR =======================================
Time         : 2026-04-13T07:53:21.000Z
Message      : MQTT error
Details      : {"error":"connect ECONNREFUSED 192.168.1.116:1883"}
=================================================

==== ERROR =======================================
Time         : 2026-04-13T07:53:24.000Z
Message      : MQTT error
Details      : {"error":"connect ECONNREFUSED 192.168.1.116:1883"}
=================================================

==== ERROR =======================================
Time         : 2026-04-13T09:20:01.000Z
Message      : MQTT error
Details      : {"error":"read ECONNRESET"}
=================================================

==== ERROR =======================================
Time         : 2026-04-13T09:20:04.000Z
Message      : MQTT error
Details      : {"error":"connect ECONNREFUSED 192.168.1.116:1883"}
=================================================

==== ERROR =======================================
Time         : 2026-04-13T09:20:07.000Z
Message      : MQTT error
Details      : {"error":"connect ECONNREFUSED 192.168.1.116:1883"}
=================================================

==== ERROR =======================================
Time         : 2026-04-13T09:20:10.000Z
Message      : MQTT error
Details      : {"error":"connect ECONNREFUSED 192.168.1.116:1883"}
=================================================

==== ERROR =======================================
Time         : 2026-04-13T09:20:13.000Z
Message      : MQTT error
Details      : {"error":"connect ECONNREFUSED 192.168.1.116:1883"}
=================================================

==== ERROR =======================================
Time         : 2026-04-13T16:05:36.000Z
Message      : MQTT error
Details      : {"error":"read ECONNRESET"}
=================================================

==== ERROR =======================================
Time         : 2026-04-13T16:05:39.000Z
Message      : MQTT error
Details      : {"error":"connect ECONNREFUSED 192.168.1.116:1883"}
=================================================

